{"/Users/lulzasaur/Desktop/Rithm/express-jobly/app.js": {"path":"/Users/lulzasaur/Desktop/Rithm/express-jobly/app.js","statementMap":{"0":{"start":{"line":4,"column":16},"end":{"line":4,"column":34}},"1":{"start":{"line":5,"column":12},"end":{"line":5,"column":21}},"2":{"start":{"line":6,"column":0},"end":{"line":6,"column":24}},"3":{"start":{"line":8,"column":22},"end":{"line":8,"column":55}},"4":{"start":{"line":9,"column":0},"end":{"line":9,"column":35}},"5":{"start":{"line":13,"column":15},"end":{"line":13,"column":32}},"6":{"start":{"line":14,"column":0},"end":{"line":14,"column":24}},"7":{"start":{"line":19,"column":0},"end":{"line":25,"column":3}},"8":{"start":{"line":20,"column":14},"end":{"line":20,"column":36}},"9":{"start":{"line":21,"column":2},"end":{"line":21,"column":19}},"10":{"start":{"line":24,"column":2},"end":{"line":24,"column":19}},"11":{"start":{"line":29,"column":0},"end":{"line":36,"column":3}},"12":{"start":{"line":30,"column":2},"end":{"line":30,"column":32}},"13":{"start":{"line":32,"column":2},"end":{"line":35,"column":5}},"14":{"start":{"line":39,"column":0},"end":{"line":39,"column":21}}},"fnMap":{"0":{"name":"(anonymous_0)","decl":{"start":{"line":19,"column":8},"end":{"line":19,"column":9}},"loc":{"start":{"line":19,"column":34},"end":{"line":25,"column":1}},"line":19},"1":{"name":"(anonymous_1)","decl":{"start":{"line":29,"column":8},"end":{"line":29,"column":9}},"loc":{"start":{"line":29,"column":39},"end":{"line":36,"column":1}},"line":29}},"branchMap":{"0":{"loc":{"start":{"line":30,"column":13},"end":{"line":30,"column":30}},"type":"binary-expr","locations":[{"start":{"line":30,"column":13},"end":{"line":30,"column":23}},{"start":{"line":30,"column":27},"end":{"line":30,"column":30}}],"line":30}},"s":{"0":1,"1":1,"2":1,"3":1,"4":1,"5":1,"6":1,"7":1,"8":0,"9":0,"10":0,"11":1,"12":3,"13":3,"14":1},"f":{"0":0,"1":3},"b":{"0":[3,2]},"_coverageSchema":"332fd63041d2c1bcb487cc26dd0d5f7d97098a6c","hash":"bdce13f02863d30cda93c25e0650ac9ea08c9045"}
,"/Users/lulzasaur/Desktop/Rithm/express-jobly/config.js": {"path":"/Users/lulzasaur/Desktop/Rithm/express-jobly/config.js","statementMap":{"0":{"start":{"line":4,"column":0},"end":{"line":4,"column":27}},"1":{"start":{"line":6,"column":15},"end":{"line":6,"column":47}},"2":{"start":{"line":8,"column":13},"end":{"line":8,"column":38}},"3":{"start":{"line":18,"column":0},"end":{"line":22,"column":1}},"4":{"start":{"line":19,"column":2},"end":{"line":19,"column":24}},"5":{"start":{"line":21,"column":2},"end":{"line":21,"column":48}},"6":{"start":{"line":25,"column":0},"end":{"line":29,"column":2}}},"fnMap":{},"branchMap":{"0":{"loc":{"start":{"line":6,"column":15},"end":{"line":6,"column":47}},"type":"binary-expr","locations":[{"start":{"line":6,"column":15},"end":{"line":6,"column":37}},{"start":{"line":6,"column":41},"end":{"line":6,"column":47}}],"line":6},"1":{"loc":{"start":{"line":8,"column":13},"end":{"line":8,"column":38}},"type":"binary-expr","locations":[{"start":{"line":8,"column":13},"end":{"line":8,"column":30}},{"start":{"line":8,"column":34},"end":{"line":8,"column":38}}],"line":8},"2":{"loc":{"start":{"line":18,"column":0},"end":{"line":22,"column":1}},"type":"if","locations":[{"start":{"line":18,"column":0},"end":{"line":22,"column":1}},{"start":{"line":18,"column":0},"end":{"line":22,"column":1}}],"line":18},"3":{"loc":{"start":{"line":21,"column":12},"end":{"line":21,"column":47}},"type":"binary-expr","locations":[{"start":{"line":21,"column":12},"end":{"line":21,"column":36}},{"start":{"line":21,"column":40},"end":{"line":21,"column":47}}],"line":21}},"s":{"0":2,"1":2,"2":2,"3":2,"4":2,"5":0,"6":2},"f":{},"b":{"0":[2,2],"1":[2,2],"2":[2,0],"3":[0,0]},"_coverageSchema":"332fd63041d2c1bcb487cc26dd0d5f7d97098a6c","hash":"09bb9ef5941e7a096107c09cd60e25db37b313fa"}
,"/Users/lulzasaur/Desktop/Rithm/express-jobly/db.js": {"path":"/Users/lulzasaur/Desktop/Rithm/express-jobly/db.js","statementMap":{"0":{"start":{"line":4,"column":19},"end":{"line":4,"column":32}},"1":{"start":{"line":5,"column":19},"end":{"line":5,"column":38}},"2":{"start":{"line":7,"column":15},"end":{"line":9,"column":2}},"3":{"start":{"line":11,"column":0},"end":{"line":11,"column":17}},"4":{"start":{"line":14,"column":0},"end":{"line":14,"column":24}}},"fnMap":{},"branchMap":{},"s":{"0":2,"1":2,"2":2,"3":2,"4":2},"f":{},"b":{},"_coverageSchema":"332fd63041d2c1bcb487cc26dd0d5f7d97098a6c","hash":"ecc336fd33a5889a7721b9b866b863a50023b908"}
,"/Users/lulzasaur/Desktop/Rithm/express-jobly/helpers/partialUpdate.js": {"path":"/Users/lulzasaur/Desktop/Rithm/express-jobly/helpers/partialUpdate.js","statementMap":{"0":{"start":{"line":18,"column":12},"end":{"line":18,"column":13}},"1":{"start":{"line":19,"column":16},"end":{"line":19,"column":18}},"2":{"start":{"line":22,"column":2},"end":{"line":26,"column":3}},"3":{"start":{"line":23,"column":4},"end":{"line":25,"column":5}},"4":{"start":{"line":24,"column":6},"end":{"line":24,"column":23}},"5":{"start":{"line":28,"column":2},"end":{"line":31,"column":3}},"6":{"start":{"line":29,"column":4},"end":{"line":29,"column":38}},"7":{"start":{"line":30,"column":4},"end":{"line":30,"column":13}},"8":{"start":{"line":34,"column":13},"end":{"line":34,"column":31}},"9":{"start":{"line":35,"column":14},"end":{"line":35,"column":76}},"10":{"start":{"line":37,"column":15},"end":{"line":37,"column":35}},"11":{"start":{"line":38,"column":2},"end":{"line":38,"column":18}},"12":{"start":{"line":40,"column":2},"end":{"line":40,"column":25}},"13":{"start":{"line":44,"column":0},"end":{"line":44,"column":37}}},"fnMap":{"0":{"name":"sqlForPartialUpdate","decl":{"start":{"line":14,"column":9},"end":{"line":14,"column":28}},"loc":{"start":{"line":14,"column":52},"end":{"line":41,"column":1}},"line":14}},"branchMap":{"0":{"loc":{"start":{"line":23,"column":4},"end":{"line":25,"column":5}},"type":"if","locations":[{"start":{"line":23,"column":4},"end":{"line":25,"column":5}},{"start":{"line":23,"column":4},"end":{"line":25,"column":5}}],"line":23}},"s":{"0":5,"1":5,"2":5,"3":15,"4":0,"5":5,"6":15,"7":15,"8":5,"9":5,"10":5,"11":5,"12":5,"13":3},"f":{"0":5},"b":{"0":[0,15]},"_coverageSchema":"332fd63041d2c1bcb487cc26dd0d5f7d97098a6c","hash":"30c48a4fc422582785f865b41c216b7fe36bb0c4"}
,"/Users/lulzasaur/Desktop/Rithm/express-jobly/models/companyModels.js": {"path":"/Users/lulzasaur/Desktop/Rithm/express-jobly/models/companyModels.js","statementMap":{"0":{"start":{"line":1,"column":11},"end":{"line":1,"column":27}},"1":{"start":{"line":2,"column":22},"end":{"line":2,"column":57}},"2":{"start":{"line":13,"column":8},"end":{"line":13,"column":41}},"3":{"start":{"line":14,"column":8},"end":{"line":14,"column":50}},"4":{"start":{"line":16,"column":8},"end":{"line":20,"column":9}},"5":{"start":{"line":17,"column":20},"end":{"line":17,"column":76}},"6":{"start":{"line":18,"column":10},"end":{"line":18,"column":27}},"7":{"start":{"line":19,"column":10},"end":{"line":19,"column":20}},"8":{"start":{"line":27,"column":8},"end":{"line":42,"column":9}},"9":{"start":{"line":28,"column":10},"end":{"line":34,"column":58}},"10":{"start":{"line":36,"column":10},"end":{"line":41,"column":42}},"11":{"start":{"line":44,"column":8},"end":{"line":44,"column":31}},"12":{"start":{"line":50,"column":4},"end":{"line":62,"column":5}},"13":{"start":{"line":51,"column":20},"end":{"line":55,"column":57}},"14":{"start":{"line":57,"column":6},"end":{"line":57,"column":47}},"15":{"start":{"line":59,"column":6},"end":{"line":59,"column":28}},"16":{"start":{"line":61,"column":6},"end":{"line":61,"column":13}},"17":{"start":{"line":66,"column":4},"end":{"line":78,"column":5}},"18":{"start":{"line":67,"column":20},"end":{"line":71,"column":33}},"19":{"start":{"line":73,"column":6},"end":{"line":73,"column":47}},"20":{"start":{"line":75,"column":6},"end":{"line":75,"column":28}},"21":{"start":{"line":77,"column":6},"end":{"line":77,"column":13}},"22":{"start":{"line":82,"column":4},"end":{"line":94,"column":5}},"23":{"start":{"line":83,"column":22},"end":{"line":83,"column":86}},"24":{"start":{"line":85,"column":20},"end":{"line":87,"column":7}},"25":{"start":{"line":89,"column":6},"end":{"line":89,"column":47}},"26":{"start":{"line":91,"column":6},"end":{"line":91,"column":29}},"27":{"start":{"line":93,"column":6},"end":{"line":93,"column":14}},"28":{"start":{"line":98,"column":4},"end":{"line":111,"column":5}},"29":{"start":{"line":99,"column":20},"end":{"line":104,"column":7}},"30":{"start":{"line":106,"column":6},"end":{"line":106,"column":47}},"31":{"start":{"line":108,"column":6},"end":{"line":108,"column":28}},"32":{"start":{"line":110,"column":6},"end":{"line":110,"column":14}},"33":{"start":{"line":115,"column":4},"end":{"line":119,"column":5}},"34":{"start":{"line":116,"column":16},"end":{"line":116,"column":44}},"35":{"start":{"line":117,"column":6},"end":{"line":117,"column":23}},"36":{"start":{"line":118,"column":6},"end":{"line":118,"column":15}},"37":{"start":{"line":124,"column":0},"end":{"line":124,"column":25}}},"fnMap":{"0":{"name":"(anonymous_0)","decl":{"start":{"line":12,"column":2},"end":{"line":12,"column":3}},"loc":{"start":{"line":12,"column":57},"end":{"line":46,"column":3}},"line":12},"1":{"name":"(anonymous_1)","decl":{"start":{"line":49,"column":2},"end":{"line":49,"column":3}},"loc":{"start":{"line":49,"column":75},"end":{"line":63,"column":3}},"line":49},"2":{"name":"(anonymous_2)","decl":{"start":{"line":65,"column":2},"end":{"line":65,"column":3}},"loc":{"start":{"line":65,"column":34},"end":{"line":79,"column":3}},"line":65},"3":{"name":"(anonymous_3)","decl":{"start":{"line":81,"column":2},"end":{"line":81,"column":3}},"loc":{"start":{"line":81,"column":43},"end":{"line":95,"column":3}},"line":81},"4":{"name":"(anonymous_4)","decl":{"start":{"line":97,"column":2},"end":{"line":97,"column":3}},"loc":{"start":{"line":97,"column":37},"end":{"line":112,"column":3}},"line":97},"5":{"name":"(anonymous_5)","decl":{"start":{"line":114,"column":2},"end":{"line":114,"column":3}},"loc":{"start":{"line":114,"column":34},"end":{"line":120,"column":3}},"line":114}},"branchMap":{"0":{"loc":{"start":{"line":13,"column":23},"end":{"line":13,"column":40}},"type":"binary-expr","locations":[{"start":{"line":13,"column":23},"end":{"line":13,"column":35}},{"start":{"line":13,"column":39},"end":{"line":13,"column":40}}],"line":13},"1":{"loc":{"start":{"line":14,"column":23},"end":{"line":14,"column":49}},"type":"binary-expr","locations":[{"start":{"line":14,"column":23},"end":{"line":14,"column":35}},{"start":{"line":14,"column":39},"end":{"line":14,"column":49}}],"line":14},"2":{"loc":{"start":{"line":16,"column":8},"end":{"line":20,"column":9}},"type":"if","locations":[{"start":{"line":16,"column":8},"end":{"line":20,"column":9}},{"start":{"line":16,"column":8},"end":{"line":20,"column":9}}],"line":16},"3":{"loc":{"start":{"line":27,"column":8},"end":{"line":42,"column":9}},"type":"if","locations":[{"start":{"line":27,"column":8},"end":{"line":42,"column":9}},{"start":{"line":27,"column":8},"end":{"line":42,"column":9}}],"line":27},"4":{"loc":{"start":{"line":115,"column":4},"end":{"line":119,"column":5}},"type":"if","locations":[{"start":{"line":115,"column":4},"end":{"line":119,"column":5}},{"start":{"line":115,"column":4},"end":{"line":119,"column":5}}],"line":115}},"s":{"0":2,"1":2,"2":4,"3":4,"4":4,"5":0,"6":0,"7":0,"8":4,"9":1,"10":3,"11":4,"12":3,"13":3,"14":3,"15":3,"16":0,"17":3,"18":3,"19":3,"20":2,"21":1,"22":4,"23":4,"24":4,"25":4,"26":3,"27":1,"28":4,"29":4,"30":4,"31":2,"32":2,"33":14,"34":4,"35":4,"36":4,"37":2},"f":{"0":4,"1":3,"2":3,"3":4,"4":4,"5":14},"b":{"0":[4,3],"1":[4,3],"2":[0,4],"3":[1,3],"4":[4,10]},"_coverageSchema":"332fd63041d2c1bcb487cc26dd0d5f7d97098a6c","hash":"9f4b4c293f9ed102c2d86d148d25c1ddd6d17830"}
,"/Users/lulzasaur/Desktop/Rithm/express-jobly/routes/companyRoutes.js": {"path":"/Users/lulzasaur/Desktop/Rithm/express-jobly/routes/companyRoutes.js","statementMap":{"0":{"start":{"line":1,"column":16},"end":{"line":1,"column":34}},"1":{"start":{"line":2,"column":15},"end":{"line":2,"column":35}},"2":{"start":{"line":3,"column":21},"end":{"line":3,"column":42}},"3":{"start":{"line":4,"column":22},"end":{"line":4,"column":61}},"4":{"start":{"line":5,"column":26},"end":{"line":5,"column":69}},"5":{"start":{"line":6,"column":16},"end":{"line":6,"column":50}},"6":{"start":{"line":8,"column":0},"end":{"line":17,"column":3}},"7":{"start":{"line":9,"column":2},"end":{"line":16,"column":3}},"8":{"start":{"line":10,"column":45},"end":{"line":10,"column":54}},"9":{"start":{"line":12,"column":24},"end":{"line":12,"column":79}},"10":{"start":{"line":13,"column":4},"end":{"line":13,"column":45}},"11":{"start":{"line":15,"column":4},"end":{"line":15,"column":21}},"12":{"start":{"line":19,"column":0},"end":{"line":33,"column":3}},"13":{"start":{"line":20,"column":2},"end":{"line":32,"column":3}},"14":{"start":{"line":21,"column":19},"end":{"line":21,"column":52}},"15":{"start":{"line":23,"column":4},"end":{"line":29,"column":5}},"16":{"start":{"line":24,"column":6},"end":{"line":24,"column":59}},"17":{"start":{"line":24,"column":45},"end":{"line":24,"column":56}},"18":{"start":{"line":26,"column":61},"end":{"line":26,"column":69}},"19":{"start":{"line":27,"column":26},"end":{"line":27,"column":101}},"20":{"start":{"line":28,"column":6},"end":{"line":28,"column":47}},"21":{"start":{"line":31,"column":4},"end":{"line":31,"column":21}},"22":{"start":{"line":35,"column":0},"end":{"line":43,"column":3}},"23":{"start":{"line":36,"column":2},"end":{"line":42,"column":3}},"24":{"start":{"line":37,"column":17},"end":{"line":37,"column":34}},"25":{"start":{"line":38,"column":24},"end":{"line":38,"column":56}},"26":{"start":{"line":39,"column":4},"end":{"line":39,"column":45}},"27":{"start":{"line":41,"column":4},"end":{"line":41,"column":21}},"28":{"start":{"line":45,"column":0},"end":{"line":59,"column":2}},"29":{"start":{"line":46,"column":2},"end":{"line":58,"column":3}},"30":{"start":{"line":47,"column":19},"end":{"line":47,"column":56}},"31":{"start":{"line":49,"column":4},"end":{"line":55,"column":5}},"32":{"start":{"line":50,"column":6},"end":{"line":50,"column":59}},"33":{"start":{"line":50,"column":45},"end":{"line":50,"column":56}},"34":{"start":{"line":52,"column":23},"end":{"line":52,"column":33}},"35":{"start":{"line":53,"column":26},"end":{"line":53,"column":70}},"36":{"start":{"line":54,"column":6},"end":{"line":54,"column":47}},"37":{"start":{"line":57,"column":4},"end":{"line":57,"column":14}},"38":{"start":{"line":61,"column":0},"end":{"line":69,"column":2}},"39":{"start":{"line":62,"column":2},"end":{"line":68,"column":3}},"40":{"start":{"line":63,"column":21},"end":{"line":63,"column":31}},"41":{"start":{"line":64,"column":24},"end":{"line":64,"column":59}},"42":{"start":{"line":65,"column":4},"end":{"line":65,"column":48}},"43":{"start":{"line":67,"column":4},"end":{"line":67,"column":14}},"44":{"start":{"line":71,"column":0},"end":{"line":71,"column":24}}},"fnMap":{"0":{"name":"(anonymous_0)","decl":{"start":{"line":8,"column":16},"end":{"line":8,"column":17}},"loc":{"start":{"line":8,"column":48},"end":{"line":17,"column":1}},"line":8},"1":{"name":"(anonymous_1)","decl":{"start":{"line":19,"column":17},"end":{"line":19,"column":18}},"loc":{"start":{"line":19,"column":49},"end":{"line":33,"column":1}},"line":19},"2":{"name":"(anonymous_2)","decl":{"start":{"line":24,"column":36},"end":{"line":24,"column":37}},"loc":{"start":{"line":24,"column":45},"end":{"line":24,"column":56}},"line":24},"3":{"name":"(anonymous_3)","decl":{"start":{"line":35,"column":23},"end":{"line":35,"column":24}},"loc":{"start":{"line":35,"column":55},"end":{"line":43,"column":1}},"line":35},"4":{"name":"(anonymous_4)","decl":{"start":{"line":45,"column":25},"end":{"line":45,"column":26}},"loc":{"start":{"line":45,"column":56},"end":{"line":59,"column":1}},"line":45},"5":{"name":"(anonymous_5)","decl":{"start":{"line":50,"column":36},"end":{"line":50,"column":37}},"loc":{"start":{"line":50,"column":45},"end":{"line":50,"column":56}},"line":50},"6":{"name":"(anonymous_6)","decl":{"start":{"line":61,"column":26},"end":{"line":61,"column":27}},"loc":{"start":{"line":61,"column":57},"end":{"line":69,"column":1}},"line":61}},"branchMap":{"0":{"loc":{"start":{"line":23,"column":4},"end":{"line":29,"column":5}},"type":"if","locations":[{"start":{"line":23,"column":4},"end":{"line":29,"column":5}},{"start":{"line":23,"column":4},"end":{"line":29,"column":5}}],"line":23},"1":{"loc":{"start":{"line":49,"column":4},"end":{"line":55,"column":5}},"type":"if","locations":[{"start":{"line":49,"column":4},"end":{"line":55,"column":5}},{"start":{"line":49,"column":4},"end":{"line":55,"column":5}}],"line":49}},"s":{"0":1,"1":1,"2":1,"3":1,"4":1,"5":1,"6":1,"7":1,"8":1,"9":1,"10":1,"11":0,"12":1,"13":2,"14":2,"15":2,"16":1,"17":1,"18":1,"19":1,"20":1,"21":0,"22":1,"23":1,"24":1,"25":1,"26":1,"27":0,"28":1,"29":2,"30":2,"31":2,"32":1,"33":1,"34":1,"35":1,"36":1,"37":0,"38":1,"39":2,"40":2,"41":2,"42":1,"43":1,"44":1},"f":{"0":1,"1":2,"2":1,"3":1,"4":2,"5":1,"6":2},"b":{"0":[1,1],"1":[1,1]},"_coverageSchema":"332fd63041d2c1bcb487cc26dd0d5f7d97098a6c","hash":"68d29d03cfdfd62a0b501672c706bb15e687ddfd"}
}
