TN:
SF:/Users/lulzasaur/Desktop/Rithm/express-jobly/app.js
FN:19,(anonymous_0)
FN:29,(anonymous_1)
FNF:2
FNH:1
FNDA:0,(anonymous_0)
FNDA:3,(anonymous_1)
DA:4,1
DA:5,1
DA:6,1
DA:8,1
DA:9,1
DA:13,1
DA:14,1
DA:19,1
DA:20,0
DA:21,0
DA:24,0
DA:29,1
DA:30,3
DA:32,3
DA:39,1
LF:15
LH:12
BRDA:30,0,0,3
BRDA:30,0,1,2
BRF:2
BRH:2
end_of_record
TN:
SF:/Users/lulzasaur/Desktop/Rithm/express-jobly/config.js
FNF:0
FNH:0
DA:4,2
DA:6,2
DA:8,2
DA:18,2
DA:19,2
DA:21,0
DA:25,2
LF:7
LH:6
BRDA:6,0,0,2
BRDA:6,0,1,2
BRDA:8,1,0,2
BRDA:8,1,1,2
BRDA:18,2,0,2
BRDA:18,2,1,0
BRDA:21,3,0,0
BRDA:21,3,1,0
BRF:8
BRH:5
end_of_record
TN:
SF:/Users/lulzasaur/Desktop/Rithm/express-jobly/db.js
FNF:0
FNH:0
DA:4,2
DA:5,2
DA:7,2
DA:11,2
DA:14,2
LF:5
LH:5
BRF:0
BRH:0
end_of_record
TN:
SF:/Users/lulzasaur/Desktop/Rithm/express-jobly/helpers/partialUpdate.js
FN:14,sqlForPartialUpdate
FNF:1
FNH:1
FNDA:5,sqlForPartialUpdate
DA:18,5
DA:19,5
DA:22,5
DA:23,15
DA:24,0
DA:28,5
DA:29,15
DA:30,15
DA:34,5
DA:35,5
DA:37,5
DA:38,5
DA:40,5
DA:44,3
LF:14
LH:13
BRDA:23,0,0,0
BRDA:23,0,1,15
BRF:2
BRH:1
end_of_record
TN:
SF:/Users/lulzasaur/Desktop/Rithm/express-jobly/models/companyModels.js
FN:12,(anonymous_0)
FN:49,(anonymous_1)
FN:65,(anonymous_2)
FN:81,(anonymous_3)
FN:97,(anonymous_4)
FN:114,(anonymous_5)
FNF:6
FNH:6
FNDA:4,(anonymous_0)
FNDA:3,(anonymous_1)
FNDA:3,(anonymous_2)
FNDA:4,(anonymous_3)
FNDA:4,(anonymous_4)
FNDA:14,(anonymous_5)
DA:1,2
DA:2,2
DA:13,4
DA:14,4
DA:16,4
DA:17,0
DA:18,0
DA:19,0
DA:27,4
DA:28,1
DA:36,3
DA:44,4
DA:50,3
DA:51,3
DA:57,3
DA:59,3
DA:61,0
DA:66,3
DA:67,3
DA:73,3
DA:75,2
DA:77,1
DA:82,4
DA:83,4
DA:85,4
DA:89,4
DA:91,3
DA:93,1
DA:98,4
DA:99,4
DA:106,4
DA:108,2
DA:110,2
DA:115,14
DA:116,4
DA:117,4
DA:118,4
DA:124,2
LF:38
LH:34
BRDA:13,0,0,4
BRDA:13,0,1,3
BRDA:14,1,0,4
BRDA:14,1,1,3
BRDA:16,2,0,0
BRDA:16,2,1,4
BRDA:27,3,0,1
BRDA:27,3,1,3
BRDA:115,4,0,4
BRDA:115,4,1,10
BRF:10
BRH:9
end_of_record
TN:
SF:/Users/lulzasaur/Desktop/Rithm/express-jobly/routes/companyRoutes.js
FN:8,(anonymous_0)
FN:19,(anonymous_1)
FN:24,(anonymous_2)
FN:35,(anonymous_3)
FN:45,(anonymous_4)
FN:50,(anonymous_5)
FN:61,(anonymous_6)
FNF:7
FNH:7
FNDA:1,(anonymous_0)
FNDA:2,(anonymous_1)
FNDA:1,(anonymous_2)
FNDA:1,(anonymous_3)
FNDA:2,(anonymous_4)
FNDA:1,(anonymous_5)
FNDA:2,(anonymous_6)
DA:1,1
DA:2,1
DA:3,1
DA:4,1
DA:5,1
DA:6,1
DA:8,1
DA:9,1
DA:10,1
DA:12,1
DA:13,1
DA:15,0
DA:19,1
DA:20,2
DA:21,2
DA:23,2
DA:24,1
DA:26,1
DA:27,1
DA:28,1
DA:31,0
DA:35,1
DA:36,1
DA:37,1
DA:38,1
DA:39,1
DA:41,0
DA:45,1
DA:46,2
DA:47,2
DA:49,2
DA:50,1
DA:52,1
DA:53,1
DA:54,1
DA:57,0
DA:61,1
DA:62,2
DA:63,2
DA:64,2
DA:65,1
DA:67,1
DA:71,1
LF:43
LH:39
BRDA:23,0,0,1
BRDA:23,0,1,1
BRDA:49,1,0,1
BRDA:49,1,1,1
BRF:4
BRH:4
end_of_record
